branches/gaoxuefeng/Par/Yunge/build/outputs/logs/manifest-merger-debug-report.txt
-- Merging decision tree log ---
manifest
ADDED from AndroidManifest.xml:2:1
	xmlns:tools
		ADDED from AndroidManifest.xml:3:5
	xmlns:android
		ADDED from AndroidManifest.xml:2:11
	package
		ADDED from AndroidManifest.xml:4:5
	android:versionName
		ADDED from AndroidManifest.xml:6:5
	android:versionCode
		ADDED from AndroidManifest.xml:5:5
		INJECTED from AndroidManifest.xml:0:0
		INJECTED from AndroidManifest.xml:0:0
uses-sdk
ADDED from AndroidManifest.xml:8:5
MERGED from Par:CoyoteLib:unspecified:7:5
MERGED from Par:social_sdk_library_project:unspecified:7:5
MERGED from Par:viewpagerhelplibrary:unspecified:7:5
MERGED from Par:wheel:unspecified:7:5
MERGED from Par:xutils_library:unspecified:7:5
MERGED from Par:yunge_library_pull:unspecified:7:5
MERGED from Par:umengUpdate:unspecified:7:5
	android:targetSdkVersion
		ADDED from AndroidManifest.xml:10:9
	android:minSdkVersion
		ADDED from AndroidManifest.xml:9:9
uses-permission#android.permission.FLASHLIGHT
ADDED from AndroidManifest.xml:12:5
	android:name
		ADDED from AndroidManifest.xml:12:22
uses-permission#android.permission.GET_TASKS
ADDED from AndroidManifest.xml:13:5
	android:name
		ADDED from AndroidManifest.xml:13:22
uses-permission#android.permission.ACCESS_NETWORK_STATE
ADDED from AndroidManifest.xml:14:5
	android:name
		ADDED from AndroidManifest.xml:14:22
uses-permission#android.permission.READ_EXTERNAL_STORAGE
ADDED from AndroidManifest.xml:16:5
	android:name
		ADDED from AndroidManifest.xml:16:22
permission#android.permission.BAIDU_LOCATION_SERVICE
ADDED from AndroidManifest.xml:18:5
	android:name
		ADDED from AndroidManifest.xml:18:17
uses-permission#android.permission.BAIDU_LOCATION_SERVICE
ADDED from AndroidManifest.xml:20:5
	android:name
		ADDED from AndroidManifest.xml:20:22
uses-permission#android.permission.VIBRATE
ADDED from AndroidManifest.xml:22:5
MERGED from Par:CoyoteLib:unspecified:13:5
	android:name
		ADDED from AndroidManifest.xml:22:22
uses-permission#android.permission.CAMERA
ADDED from AndroidManifest.xml:24:5
MERGED from Par:CoyoteLib:unspecified:11:5
	android:name
		ADDED from AndroidManifest.xml:24:22
uses-feature#android.hardware.camera
ADDED from AndroidManifest.xml:26:5
MERGED from Par:CoyoteLib:unspecified:15:5
	android:name
		ADDED from AndroidManifest.xml:26:19
uses-feature#android.hardware.camera.autofocus
ADDED from AndroidManifest.xml:28:5
MERGED from Par:CoyoteLib:unspecified:16:5
	android:name
		ADDED from AndroidManifest.xml:28:19
permission#android.permission.ACCESS_FINE_LOCATION
ADDED from AndroidManifest.xml:30:5
	android:name
		ADDED from AndroidManifest.xml:30:17
uses-permission#android.permission.ACCESS_WIFI_STATE
ADDED from AndroidManifest.xml:37:5
	android:name
		ADDED from AndroidManifest.xml:37:22
uses-permission#android.permission.READ_PHONE_STATE
ADDED from AndroidManifest.xml:39:5
	android:name
		ADDED from AndroidManifest.xml:39:22
uses-permission#android.permission.WRITE_EXTERNAL_STORAGE
ADDED from AndroidManifest.xml:41:5
	android:name
		ADDED from AndroidManifest.xml:41:22
uses-permission#android.permission.INTERNET
ADDED from AndroidManifest.xml:43:5
	android:name
		ADDED from AndroidManifest.xml:43:22
uses-permission#android.permission.RECORD_AUDIO
ADDED from AndroidManifest.xml:46:5
	android:name
		ADDED from AndroidManifest.xml:46:22
permission#cn.com.ethank.yunge.permission.JPUSH_MESSAGE
ADDED from AndroidManifest.xml:49:5
	android:protectionLevel
		ADDED from AndroidManifest.xml:51:9
	android:name
		ADDED from AndroidManifest.xml:50:9
uses-permission#cn.com.ethank.yunge.permission.JPUSH_MESSAGE
ADDED from AndroidManifest.xml:53:5
	android:name
		ADDED from AndroidManifest.xml:53:22
uses-permission#android.permission.WAKE_LOCK
ADDED from AndroidManifest.xml:54:5
MERGED from Par:CoyoteLib:unspecified:12:5
	android:name
		ADDED from AndroidManifest.xml:54:22
uses-permission#android.permission.ACCESS_COARSE_LOCATION
ADDED from AndroidManifest.xml:55:5
	android:name
		ADDED from AndroidManifest.xml:55:22
uses-permission#android.permission.CHANGE_WIFI_STATE
ADDED from AndroidManifest.xml:56:5
	android:name
		ADDED from AndroidManifest.xml:56:22
uses-permission#android.permission.CHANGE_NETWORK_STATE
ADDED from AndroidManifest.xml:57:5
	android:name
		ADDED from AndroidManifest.xml:57:22
uses-permission#android.permission.RECEIVE_USER_PRESENT
ADDED from AndroidManifest.xml:59:5
	android:name
		ADDED from AndroidManifest.xml:59:22
uses-permission#android.permission.WRITE_SETTINGS
ADDED from AndroidManifest.xml:60:5
	android:name
		ADDED from AndroidManifest.xml:60:22
uses-permission#android.permission.MOUNT_UNMOUNT_FILESYSTEMS
ADDED from AndroidManifest.xml:61:5
	android:name
		ADDED from AndroidManifest.xml:61:22
uses-permission#android.permission.MODIFY_AUDIO_SETTINGS
ADDED from AndroidManifest.xml:62:5
	android:name
		ADDED from AndroidManifest.xml:62:22
uses-permission#android.permission.ACCESS_LOCATION_EXTRA_COMMANDS
ADDED from AndroidManifest.xml:65:5
	android:name
		ADDED from AndroidManifest.xml:65:22
uses-permission#android.permission.CALL_PHONE
ADDED from AndroidManifest.xml:66:5
	android:name
		ADDED from AndroidManifest.xml:66:22
application
ADDED from AndroidManifest.xml:68:5
MERGED from Par:CoyoteLib:unspecified:18:5
MERGED from Par:social_sdk_library_project:unspecified:11:5
MERGED from Par:wheel:unspecified:11:5
MERGED from Par:xutils_library:unspecified:11:5
MERGED from Par:yunge_library_pull:unspecified:9:5
MERGED from Par:umengUpdate:unspecified:11:5
	android:label
		ADDED from AndroidManifest.xml:72:9
		REJECTED from Par:CoyoteLib:unspecified:20:9
		REJECTED from Par:wheel:unspecified:11:18
		REJECTED from Par:umengUpdate:unspecified:13:9
	android:allowBackup
		ADDED from AndroidManifest.xml:70:9
	android:icon
		ADDED from AndroidManifest.xml:71:9
	android:theme
		ADDED from AndroidManifest.xml:74:9
	android:largeHeap
		ADDED from AndroidManifest.xml:73:9
	tools:replace
		ADDED from AndroidManifest.xml:75:9
	android:name
		ADDED from AndroidManifest.xml:69:9
meta-data#UMENG_APPKEY
ADDED from AndroidManifest.xml:76:9
	android:name
		ADDED from AndroidManifest.xml:77:13
	android:value
		ADDED from AndroidManifest.xml:78:13
meta-data#UMENG_CHANNEL
ADDED from AndroidManifest.xml:80:9
	android:name
		ADDED from AndroidManifest.xml:81:13
	android:value
		ADDED from AndroidManifest.xml:82:13
activity#cn.com.ethank.yunge.app.startup.MainTabActivity
ADDED from AndroidManifest.xml:84:9
	android:windowSoftInputMode
		ADDED from AndroidManifest.xml:91:13
	android:screenOrientation
		ADDED from AndroidManifest.xml:89:13
	android:label
		ADDED from AndroidManifest.xml:87:13
	android:configChanges
		ADDED from AndroidManifest.xml:86:13
	android:theme
		ADDED from AndroidManifest.xml:90:13
	android:name
		ADDED from AndroidManifest.xml:85:13
	android:launchMode
		ADDED from AndroidManifest.xml:88:13
activity#com.tencent.tauth.AuthActivity
ADDED from AndroidManifest.xml:96:9
	android:screenOrientation
		ADDED from AndroidManifest.xml:100:13
	android:noHistory
		ADDED from AndroidManifest.xml:99:13
	android:name
		ADDED from AndroidManifest.xml:97:13
	android:launchMode
		ADDED from AndroidManifest.xml:98:13
intent-filter#android.intent.action.VIEW+android.intent.category.BROWSABLE+android.intent.category.DEFAULT
ADDED from AndroidManifest.xml:101:13
action#android.intent.action.VIEW
ADDED from AndroidManifest.xml:102:17
	android:name
		ADDED from AndroidManifest.xml:102:25
category#android.intent.category.DEFAULT
ADDED from AndroidManifest.xml:104:17
	android:name
		ADDED from AndroidManifest.xml:104:27
category#android.intent.category.BROWSABLE
ADDED from AndroidManifest.xml:105:17
	android:name
		ADDED from AndroidManifest.xml:105:27
data
ADDED from AndroidManifest.xml:107:17
	android:scheme
		ADDED from AndroidManifest.xml:107:23
activity#com.tencent.connect.common.AssistActivity
ADDED from AndroidManifest.xml:111:9
	android:screenOrientation
		ADDED from AndroidManifest.xml:113:13
	android:name
		ADDED from AndroidManifest.xml:112:13
activity#com.sina.weibo.sdk.component.WeiboSdkBrowser
ADDED from AndroidManifest.xml:116:9
	android:windowSoftInputMode
		ADDED from AndroidManifest.xml:121:13
	android:screenOrientation
		ADDED from AndroidManifest.xml:120:13
	android:configChanges
		ADDED from AndroidManifest.xml:118:13
	android:exported
		ADDED from AndroidManifest.xml:119:13
	android:name
		ADDED from AndroidManifest.xml:117:13
service#com.sina.weibo.sdk.net.DownloadService
ADDED from AndroidManifest.xml:124:9
	android:exported
		ADDED from AndroidManifest.xml:126:13
	android:name
		ADDED from AndroidManifest.xml:125:13
activity#cn.com.ethank.yunge.wxapi.WXEntryActivity
ADDED from AndroidManifest.xml:130:9
	android:screenOrientation
		ADDED from AndroidManifest.xml:134:13
	android:configChanges
		ADDED from AndroidManifest.xml:132:13
	android:exported
		ADDED from AndroidManifest.xml:133:13
	android:name
		ADDED from AndroidManifest.xml:131:13
activity#cn.com.ethank.yunge.app.search.OrderListActivity
ADDED from AndroidManifest.xml:135:9
	android:name
		ADDED from AndroidManifest.xml:135:19
activity#cn.com.ethank.yunge.app.search.city.ChooseCityActivity
ADDED from AndroidManifest.xml:136:9
	android:windowSoftInputMode
		ADDED from AndroidManifest.xml:139:13
	android:screenOrientation
		ADDED from AndroidManifest.xml:138:13
	android:name
		ADDED from AndroidManifest.xml:137:13
activity#cn.com.ethank.yunge.app.demandsongs.activity.SingerTypeActvity
ADDED from AndroidManifest.xml:140:9
	android:screenOrientation
		ADDED from AndroidManifest.xml:142:13
	android:name
		ADDED from AndroidManifest.xml:141:13
activity#cn.com.ethank.yunge.app.demandsongs.activity.SinglerListActivity
ADDED from AndroidManifest.xml:143:9
	android:screenOrientation
		ADDED from AndroidManifest.xml:145:13
	android:name
		ADDED from AndroidManifest.xml:144:13
activity#cn.com.ethank.yunge.app.demandsongs.activity.SongListByLanguageTypeActivity
ADDED from AndroidManifest.xml:146:9
	android:screenOrientation
		ADDED from AndroidManifest.xml:148:13
	android:name
		ADDED from AndroidManifest.xml:147:13
activity#cn.com.ethank.yunge.app.demandsongs.activity.LanguageActivity
ADDED from AndroidManifest.xml:149:9
	android:screenOrientation
		ADDED from AndroidManifest.xml:151:13
	android:name
		ADDED from AndroidManifest.xml:150:13
activity#cn.com.ethank.yunge.app.demandsongs.activity.TypeActivity
ADDED from AndroidManifest.xml:152:9
	android:screenOrientation
		ADDED from AndroidManifest.xml:154:13
	android:name
		ADDED from AndroidManifest.xml:153:13
activity#cn.com.ethank.yunge.app.demandsongs.activity.NewSongsActivity
ADDED from AndroidManifest.xml:155:9
	android:screenOrientation
		ADDED from AndroidManifest.xml:157:13
	android:name
		ADDED from AndroidManifest.xml:156:13
activity#cn.com.ethank.yunge.app.demandsongs.activity.HotSongsActivity
ADDED from AndroidManifest.xml:158:9
	android:screenOrientation
		ADDED from AndroidManifest.xml:160:13
	android:name
		ADDED from AndroidManifest.xml:159:13
activity#cn.com.ethank.yunge.app.demandsongs.activity.SongListActivity
ADDED from AndroidManifest.xml:161:9
	android:screenOrientation
		ADDED from AndroidManifest.xml:163:13
	android:name
		ADDED from AndroidManifest.xml:162:13
activity#cn.com.ethank.yunge.app.remotecontrol.lightcontrol.LightControlActivity
ADDED from AndroidManifest.xml:164:9
	android:screenOrientation
		ADDED from AndroidManifest.xml:166:13
	android:name
		ADDED from AndroidManifest.xml:165:13
activity#cn.com.ethank.yunge.app.demandsongs.activity.ThemeSongListActivity
ADDED from AndroidManifest.xml:167:9
	android:screenOrientation
		ADDED from AndroidManifest.xml:169:13
	android:name
		ADDED from AndroidManifest.xml:168:13
activity#cn.com.ethank.yunge.app.startup.BaseTitleActivity
ADDED from AndroidManifest.xml:170:9
	android:screenOrientation
		ADDED from AndroidManifest.xml:172:13
	android:name
		ADDED from AndroidManifest.xml:171:13
activity#cn.com.ethank.yunge.app.demandsongs.activity.SongListBySongTypeActivity
ADDED from AndroidManifest.xml:173:9
	android:screenOrientation
		ADDED from AndroidManifest.xml:175:13
	android:name
		ADDED from AndroidManifest.xml:174:13
activity#cn.com.ethank.yunge.app.demandsongs.activity.searchsong.SearchSongActivity
ADDED from AndroidManifest.xml:176:9
	android:windowSoftInputMode
		ADDED from AndroidManifest.xml:179:13
	android:screenOrientation
		ADDED from AndroidManifest.xml:178:13
	android:name
		ADDED from AndroidManifest.xml:177:13
activity#cn.com.ethank.yunge.app.demandsongs.activity.LibTestActivity
ADDED from AndroidManifest.xml:180:9
	android:screenOrientation
		ADDED from AndroidManifest.xml:182:13
	android:name
		ADDED from AndroidManifest.xml:181:13
activity#cn.com.ethank.yunge.app.user.LoginActivity
ADDED from AndroidManifest.xml:184:9
	android:name
		ADDED from AndroidManifest.xml:184:19
activity#cn.com.ethank.yunge.app.user.UserInfoActivity
ADDED from AndroidManifest.xml:186:9
	android:name
		ADDED from AndroidManifest.xml:186:19
activity#cn.com.ethank.yunge.app.mine.activity.LoginActivity
ADDED from AndroidManifest.xml:188:9
	android:screenOrientation
		ADDED from AndroidManifest.xml:190:13
	android:name
		ADDED from AndroidManifest.xml:189:13
activity#cn.com.ethank.yunge.app.mine.activity.InfoEditorXinActivity
ADDED from AndroidManifest.xml:192:9
	android:screenOrientation
		ADDED from AndroidManifest.xml:194:13
	android:name
		ADDED from AndroidManifest.xml:193:13
activity#cn.com.ethank.yunge.app.mine.activity.ServiceActivity
ADDED from AndroidManifest.xml:196:9
	android:screenOrientation
		ADDED from AndroidManifest.xml:198:13
	android:name
		ADDED from AndroidManifest.xml:197:13
activity#cn.com.ethank.yunge.app.mine.activity.AutographActivity
ADDED from AndroidManifest.xml:200:9
	android:screenOrientation
		ADDED from AndroidManifest.xml:202:13
	android:name
		ADDED from AndroidManifest.xml:201:13
activity#cn.com.ethank.yunge.app.mine.activity.PartInActivity
ADDED from AndroidManifest.xml:204:9
	android:screenOrientation
		ADDED from AndroidManifest.xml:206:13
	android:name
		ADDED from AndroidManifest.xml:205:13
activity#cn.com.ethank.yunge.app.mine.activity.RegisterActivity
ADDED from AndroidManifest.xml:208:9
	android:screenOrientation
		ADDED from AndroidManifest.xml:210:13
	android:name
		ADDED from AndroidManifest.xml:209:13
activity#cn.com.ethank.yunge.app.mine.activity.MyRecord
ADDED from AndroidManifest.xml:212:9
	android:screenOrientation
		ADDED from AndroidManifest.xml:214:13
	android:name
		ADDED from AndroidManifest.xml:213:13
activity#cn.com.ethank.yunge.app.mine.activity.BoundPhoneActivity
ADDED from AndroidManifest.xml:216:9
	android:screenOrientation
		ADDED from AndroidManifest.xml:218:13
	android:name
		ADDED from AndroidManifest.xml:217:13
activity#cn.com.ethank.yunge.app.mine.activity.HeadImageActivity
ADDED from AndroidManifest.xml:220:9
	android:screenOrientation
		ADDED from AndroidManifest.xml:222:13
	android:name
		ADDED from AndroidManifest.xml:221:13
activity#cn.com.ethank.yunge.app.mine.activity.SongHistoryActivity
ADDED from AndroidManifest.xml:224:9
	android:screenOrientation
		ADDED from AndroidManifest.xml:226:13
	android:name
		ADDED from AndroidManifest.xml:225:13
activity#cn.com.ethank.yunge.app.mine.activity.WhatIsUpActivity
ADDED from AndroidManifest.xml:228:9
	android:screenOrientation
		ADDED from AndroidManifest.xml:230:13
	android:name
		ADDED from AndroidManifest.xml:229:13
activity#cn.com.ethank.yunge.app.catering.activity.MenuActivity
ADDED from AndroidManifest.xml:232:9
	android:screenOrientation
		ADDED from AndroidManifest.xml:234:13
	android:name
		ADDED from AndroidManifest.xml:233:13
activity#cn.com.ethank.yunge.app.mine.activity.ChangeHeadImageActivity
ADDED from AndroidManifest.xml:236:9
	android:screenOrientation
		ADDED from AndroidManifest.xml:238:13
	android:name
		ADDED from AndroidManifest.xml:237:13
activity#cn.com.ethank.yunge.app.mine.activity.UserInfoActivity
ADDED from AndroidManifest.xml:240:9
	android:screenOrientation
		ADDED from AndroidManifest.xml:242:13
	android:name
		ADDED from AndroidManifest.xml:241:13
activity#cn.com.ethank.yunge.app.mine.activity.LoveSingersActivity
ADDED from AndroidManifest.xml:244:9
	android:screenOrientation
		ADDED from AndroidManifest.xml:246:13
	android:name
		ADDED from AndroidManifest.xml:245:13
activity#cn.com.ethank.yunge.app.catering.activity.SubmitOrderActivity
ADDED from AndroidManifest.xml:248:9
	android:screenOrientation
		ADDED from AndroidManifest.xml:252:13
	android:exported
		ADDED from AndroidManifest.xml:250:13
	android:name
		ADDED from AndroidManifest.xml:249:13
	android:launchMode
		ADDED from AndroidManifest.xml:251:13
intent-filter#android.intent.action.VIEW+android.intent.category.DEFAULT
ADDED from AndroidManifest.xml:253:13
activity#cn.com.ethank.yunge.app.mine.activity.PeopleHomePageActivity
ADDED from AndroidManifest.xml:261:9
	android:screenOrientation
		ADDED from AndroidManifest.xml:263:13
	android:name
		ADDED from AndroidManifest.xml:262:13
activity#cn.com.ethank.yunge.app.mine.activity.MyBoxActivity
ADDED from AndroidManifest.xml:265:9
	android:screenOrientation
		ADDED from AndroidManifest.xml:267:13
	android:name
		ADDED from AndroidManifest.xml:266:13
activity#cn.com.ethank.yunge.app.mine.activity.InfoEditorActivity
ADDED from AndroidManifest.xml:269:9
	android:screenOrientation
		ADDED from AndroidManifest.xml:271:13
	android:name
		ADDED from AndroidManifest.xml:270:13
activity#cn.com.ethank.yunge.app.mine.activity.ModifyPasswordActivity
ADDED from AndroidManifest.xml:273:9
	android:screenOrientation
		ADDED from AndroidManifest.xml:275:13
	android:name
		ADDED from AndroidManifest.xml:274:13
activity#cn.com.ethank.yunge.app.mine.activity.OpinionActivity
ADDED from AndroidManifest.xml:277:9
	android:screenOrientation
		ADDED from AndroidManifest.xml:279:13
	android:name
		ADDED from AndroidManifest.xml:278:13
activity#cn.com.ethank.yunge.app.mine.activity.ConsumeActivity
ADDED from AndroidManifest.xml:281:9
	android:screenOrientation
		ADDED from AndroidManifest.xml:283:13
	android:name
		ADDED from AndroidManifest.xml:282:13
activity#cn.com.ethank.yunge.app.mine.activity.AboutActivity
ADDED from AndroidManifest.xml:285:9
	android:screenOrientation
		ADDED from AndroidManifest.xml:287:13
	android:name
		ADDED from AndroidManifest.xml:286:13
activity#cn.com.ethank.yunge.app.mine.activity.ForgetPasswordActivity
ADDED from AndroidManifest.xml:289:9
	android:screenOrientation
		ADDED from AndroidManifest.xml:291:13
	android:name
		ADDED from AndroidManifest.xml:290:13
activity#cn.com.ethank.yunge.app.mine.activity.SettingActivity
ADDED from AndroidManifest.xml:293:9
	android:screenOrientation
		ADDED from AndroidManifest.xml:295:13
	android:name
		ADDED from AndroidManifest.xml:294:13
activity#cn.com.ethank.yunge.app.mine.activity.LoveSongsActivity
ADDED from AndroidManifest.xml:297:9
	android:screenOrientation
		ADDED from AndroidManifest.xml:299:13
	android:name
		ADDED from AndroidManifest.xml:298:13
activity#cn.com.ethank.yunge.app.home.activity.MerchantDetailActivity
ADDED from AndroidManifest.xml:301:9
	android:screenOrientation
		ADDED from AndroidManifest.xml:303:13
	android:name
		ADDED from AndroidManifest.xml:302:13
activity#cn.com.ethank.yunge.app.home.activity.WebMerchantDetailActivity
ADDED from AndroidManifest.xml:305:9
	android:screenOrientation
		ADDED from AndroidManifest.xml:307:13
	android:name
		ADDED from AndroidManifest.xml:306:13
activity#cn.com.ethank.yunge.app.room.activity.RoomCodeActivity
ADDED from AndroidManifest.xml:309:9
	android:screenOrientation
		ADDED from AndroidManifest.xml:311:13
	android:name
		ADDED from AndroidManifest.xml:310:13
activity#cn.com.ethank.yunge.app.room.activity.MagicFaceActivity
ADDED from AndroidManifest.xml:313:9
	android:screenOrientation
		ADDED from AndroidManifest.xml:315:13
	android:name
		ADDED from AndroidManifest.xml:314:13
activity#cn.com.ethank.yunge.app.home.activity.BoxDetailActivity
ADDED from AndroidManifest.xml:317:9
	android:screenOrientation
		ADDED from AndroidManifest.xml:319:13
	android:name
		ADDED from AndroidManifest.xml:318:13
activity#cn.com.ethank.yunge.app.home.activity.OrderFormActivity
ADDED from AndroidManifest.xml:321:9
	android:screenOrientation
		ADDED from AndroidManifest.xml:325:13
	android:exported
		ADDED from AndroidManifest.xml:323:13
	android:name
		ADDED from AndroidManifest.xml:322:13
	android:launchMode
		ADDED from AndroidManifest.xml:324:13
activity#cn.com.ethank.yunge.app.home.activity.ConsumeDetailActivity
ADDED from AndroidManifest.xml:334:9
	android:screenOrientation
		ADDED from AndroidManifest.xml:336:13
	android:name
		ADDED from AndroidManifest.xml:335:13
activity#cn.com.ethank.yunge.app.home.activity.BillDetailActivity
ADDED from AndroidManifest.xml:338:9
	android:screenOrientation
		ADDED from AndroidManifest.xml:340:13
	android:name
		ADDED from AndroidManifest.xml:339:13
activity#cn.com.ethank.yunge.app.home.activity.BoxPredeterActivity
ADDED from AndroidManifest.xml:342:9
	android:screenOrientation
		ADDED from AndroidManifest.xml:344:13
	android:name
		ADDED from AndroidManifest.xml:343:13
activity#cn.com.ethank.yunge.app.home.activity.CompartmentActivity
ADDED from AndroidManifest.xml:346:9
	android:screenOrientation
		ADDED from AndroidManifest.xml:348:13
	android:name
		ADDED from AndroidManifest.xml:347:13
activity#cn.com.ethank.yunge.app.home.activity.MyWheelView
ADDED from AndroidManifest.xml:350:9
	android:screenOrientation
		ADDED from AndroidManifest.xml:352:13
	android:name
		ADDED from AndroidManifest.xml:351:13
activity#cn.com.ethank.yunge.app.mine.activity.SupermarketDetailActivity
ADDED from AndroidManifest.xml:354:9
	android:screenOrientation
		ADDED from AndroidManifest.xml:356:13
	android:name
		ADDED from AndroidManifest.xml:355:13
activity#cn.com.ethank.yunge.app.home.activity.ChargeBackActivity
ADDED from AndroidManifest.xml:358:9
	android:screenOrientation
		ADDED from AndroidManifest.xml:360:13
	android:name
		ADDED from AndroidManifest.xml:359:13
activity#cn.com.ethank.yunge.app.home.activity.InviteFriendActivity
ADDED from AndroidManifest.xml:362:9
	android:screenOrientation
		ADDED from AndroidManifest.xml:364:13
	android:name
		ADDED from AndroidManifest.xml:363:13
receiver#cn.com.ethank.yunge.app.net.NetworkChangedReceiver
ADDED from AndroidManifest.xml:367:9
	android:name
		ADDED from AndroidManifest.xml:367:19
intent-filter#android.net.conn.CONNECTIVITY_CHANGE
ADDED from AndroidManifest.xml:368:13
	android:priority
		ADDED from AndroidManifest.xml:368:28
action#android.net.conn.CONNECTIVITY_CHANGE
ADDED from AndroidManifest.xml:369:17
	android:name
		ADDED from AndroidManifest.xml:369:25
meta-data#com.baidu.lbsapi.API_KEY
ADDED from AndroidManifest.xml:373:9
	android:name
		ADDED from AndroidManifest.xml:374:13
	android:value
		ADDED from AndroidManifest.xml:375:13
service#com.baidu.location.f
ADDED from AndroidManifest.xml:377:9
	android:process
		ADDED from AndroidManifest.xml:381:13
	android:exported
		ADDED from AndroidManifest.xml:380:13
	android:enabled
		ADDED from AndroidManifest.xml:379:13
	android:name
		ADDED from AndroidManifest.xml:378:13
intent-filter#com.baidu.location.service
ADDED from AndroidManifest.xml:382:13
action#com.baidu.location.service
ADDED from AndroidManifest.xml:383:17
	android:exported
		ADDED from AndroidManifest.xml:385:21
	android:name
		ADDED from AndroidManifest.xml:384:21
activity#cn.com.ethank.yunge.app.demandsongs.activity.SongListSearchBySingerActivity
ADDED from AndroidManifest.xml:389:9
	android:screenOrientation
		ADDED from AndroidManifest.xml:391:13
	android:name
		ADDED from AndroidManifest.xml:390:13
activity#cn.com.ethank.yunge.app.remotecontrol.MipcaActivityCapture
ADDED from AndroidManifest.xml:393:9
	android:windowSoftInputMode
		ADDED from AndroidManifest.xml:398:13
	android:screenOrientation
		ADDED from AndroidManifest.xml:396:13
	android:configChanges
		ADDED from AndroidManifest.xml:395:13
	android:theme
		ADDED from AndroidManifest.xml:397:13
	android:name
		ADDED from AndroidManifest.xml:394:13
activity#cn.com.ethank.yunge.app.demandsongs.activity.SingTogetherActivity
ADDED from AndroidManifest.xml:400:9
	android:screenOrientation
		ADDED from AndroidManifest.xml:403:13
	android:label
		ADDED from AndroidManifest.xml:402:13
	android:name
		ADDED from AndroidManifest.xml:401:13
activity#cn.com.ethank.yunge.app.discover.activity.AudioPlayerActivity
ADDED from AndroidManifest.xml:405:9
	android:screenOrientation
		ADDED from AndroidManifest.xml:408:13
	android:name
		ADDED from AndroidManifest.xml:406:13
	android:launchMode
		ADDED from AndroidManifest.xml:407:13
service#cn.com.ethank.yunge.app.discover.service.AudioService
ADDED from AndroidManifest.xml:411:9
	android:name
		ADDED from AndroidManifest.xml:411:18
activity#com.umeng.socialize.view.ShareActivity
ADDED from AndroidManifest.xml:415:9
	android:windowSoftInputMode
		ADDED from AndroidManifest.xml:422:13
	android:screenOrientation
		ADDED from AndroidManifest.xml:420:13
	android:noHistory
		ADDED from AndroidManifest.xml:419:13
	android:configChanges
		ADDED from AndroidManifest.xml:417:13
	android:theme
		ADDED from AndroidManifest.xml:421:13
	android:name
		ADDED from AndroidManifest.xml:416:13
	android:launchMode
		ADDED from AndroidManifest.xml:418:13
service#cn.jpush.android.service.DownloadService
ADDED from AndroidManifest.xml:427:9
	android:exported
		ADDED from AndroidManifest.xml:430:13
	android:enabled
		ADDED from AndroidManifest.xml:429:13
	android:name
		ADDED from AndroidManifest.xml:428:13
service#cn.jpush.android.service.PushService
ADDED from AndroidManifest.xml:434:9
	android:exported
		ADDED from AndroidManifest.xml:437:13
	android:enabled
		ADDED from AndroidManifest.xml:436:13
	android:name
		ADDED from AndroidManifest.xml:435:13
intent-filter#cn.jpush.android.intent.PUSH_TIME+cn.jpush.android.intent.PushService+cn.jpush.android.intent.REGISTER+cn.jpush.android.intent.REPORT
ADDED from AndroidManifest.xml:438:13
action#cn.jpush.android.intent.REGISTER
ADDED from AndroidManifest.xml:439:17
	android:name
		ADDED from AndroidManifest.xml:439:25
action#cn.jpush.android.intent.REPORT
ADDED from AndroidManifest.xml:440:17
	android:name
		ADDED from AndroidManifest.xml:440:25
action#cn.jpush.android.intent.PushService
ADDED from AndroidManifest.xml:441:17
	android:name
		ADDED from AndroidManifest.xml:441:25
action#cn.jpush.android.intent.PUSH_TIME
ADDED from AndroidManifest.xml:442:17
	android:name
		ADDED from AndroidManifest.xml:442:25
receiver#cn.jpush.android.service.PushReceiver
ADDED from AndroidManifest.xml:447:9
	android:enabled
		ADDED from AndroidManifest.xml:449:13
	android:name
		ADDED from AndroidManifest.xml:448:13
intent-filter#cn.com.ethank.yunge+cn.jpush.android.intent.NOTIFICATION_RECEIVED_PROXY
ADDED from AndroidManifest.xml:450:13
	android:priority
		ADDED from AndroidManifest.xml:450:28
action#cn.jpush.android.intent.NOTIFICATION_RECEIVED_PROXY
ADDED from AndroidManifest.xml:451:17
	android:name
		ADDED from AndroidManifest.xml:451:25
category#cn.com.ethank.yunge
ADDED from AndroidManifest.xml:453:17
	android:name
		ADDED from AndroidManifest.xml:453:27
intent-filter#android.intent.action.USER_PRESENT+android.net.conn.CONNECTIVITY_CHANGE
ADDED from AndroidManifest.xml:455:13
action#android.intent.action.USER_PRESENT
ADDED from AndroidManifest.xml:456:17
	android:name
		ADDED from AndroidManifest.xml:456:25
intent-filter#android.intent.action.PACKAGE_ADDED+android.intent.action.PACKAGE_REMOVED
ADDED from AndroidManifest.xml:460:13
action#android.intent.action.PACKAGE_ADDED
ADDED from AndroidManifest.xml:461:17
	android:name
		ADDED from AndroidManifest.xml:461:25
action#android.intent.action.PACKAGE_REMOVED
ADDED from AndroidManifest.xml:462:17
	android:name
		ADDED from AndroidManifest.xml:462:25
receiver#cn.jpush.android.service.AlarmReceiver
ADDED from AndroidManifest.xml:469:9
	android:name
		ADDED from AndroidManifest.xml:469:19
receiver#cn.com.ethank.yunge.app.startup.MyReceiver
ADDED from AndroidManifest.xml:471:9
	android:enabled
		ADDED from AndroidManifest.xml:473:13
	android:name
		ADDED from AndroidManifest.xml:472:13
intent-filter#cn.com.ethank.yunge+cn.jpush.android.intent.ACTION_RICHPUSH_CALLBACK+cn.jpush.android.intent.CONNECTION+cn.jpush.android.intent.MESSAGE_RECEIVED+cn.jpush.android.intent.NOTIFICATION_OPENED+cn.jpush.android.intent.NOTIFICATION_RECEIVED+cn.jpush.android.intent.REGISTRATION+cn.jpush.android.intent.UNREGISTRATION
ADDED from AndroidManifest.xml:474:13
action#cn.jpush.android.intent.REGISTRATION
ADDED from AndroidManifest.xml:475:17
	android:name
		ADDED from AndroidManifest.xml:475:25
action#cn.jpush.android.intent.UNREGISTRATION
ADDED from AndroidManifest.xml:477:17
	android:name
		ADDED from AndroidManifest.xml:477:25
action#cn.jpush.android.intent.MESSAGE_RECEIVED
ADDED from AndroidManifest.xml:478:17
	android:name
		ADDED from AndroidManifest.xml:478:25
action#cn.jpush.android.intent.NOTIFICATION_RECEIVED
ADDED from AndroidManifest.xml:480:17
	android:name
		ADDED from AndroidManifest.xml:480:25
action#cn.jpush.android.intent.NOTIFICATION_OPENED
ADDED from AndroidManifest.xml:482:17
	android:name
		ADDED from AndroidManifest.xml:482:25
action#cn.jpush.android.intent.ACTION_RICHPUSH_CALLBACK
ADDED from AndroidManifest.xml:484:17
	android:name
		ADDED from AndroidManifest.xml:484:25
action#cn.jpush.android.intent.CONNECTION
ADDED from AndroidManifest.xml:486:17
	android:name
		ADDED from AndroidManifest.xml:486:25
receiver#cn.com.ethank.yunge.app.startup.SelfMessageReceiver
ADDED from AndroidManifest.xml:491:9
	android:enabled
		ADDED from AndroidManifest.xml:493:13
	android:name
		ADDED from AndroidManifest.xml:492:13
intent-filter#cn.com.ethank.yunge.MESSAGE_RECEIVED_ACTION
ADDED from AndroidManifest.xml:494:13
action#cn.com.ethank.yunge.MESSAGE_RECEIVED_ACTION
ADDED from AndroidManifest.xml:495:17
	android:name
		ADDED from AndroidManifest.xml:495:25